============================= test session starts ==============================
platform linux -- Python 3.12.13, pytest-8.3.4, pluggy-1.6.0
rootdir: /app
plugins: anyio-4.13.0, langsmith-0.8.8
collected 75 items

tests/test_auth.py ....                                                  [  5%]
tests/test_chat_rag.py ....                                              [ 10%]
tests/test_chunking.py ...                                               [ 14%]
tests/test_citations.py ..                                               [ 17%]
tests/test_contracts.py .........                                        [ 29%]
tests/test_ddb_import.py ......                                          [ 37%]
tests/test_embeddings.py ......                                          [ 45%]
tests/test_epub_parser.py ..                                             [ 48%]
tests/test_html_parser.py ..                                             [ 50%]
tests/test_no_evidence.py ..                                             [ 53%]
tests/test_parsers.py .....                                              [ 60%]
tests/test_qdrant_indexing.py ......                                     [ 68%]
tests/test_sessions.py ....                                              [ 73%]
tests/test_uploads.py ..............                                     [ 92%]
tests/test_worker_jobs.py ......                                         [100%]

=============================== warnings summary ===============================
../usr/local/lib/python3.12/site-packages/passlib/utils/__init__.py:854
  /usr/local/lib/python3.12/site-packages/passlib/utils/__init__.py:854: DeprecationWarning: 'crypt' is deprecated and slated for removal in Python 3.13
    from crypt import crypt as _crypt

../usr/local/lib/python3.12/site-packages/langgraph/checkpoint/base/__init__.py:18
  /usr/local/lib/python3.12/site-packages/langgraph/checkpoint/base/__init__.py:18: LangChainPendingDeprecationWarning: The default value of `allowed_objects` will change in a future version. Pass an explicit value (e.g., allowed_objects='messages' or allowed_objects='core') to suppress this warning.
    from langgraph.checkpoint.serde.jsonplus import JsonPlusSerializer

-- Docs: https://docs.pytest.org/en/stable/how-to/capture-warnings.html
======================== 75 passed, 2 warnings in 5.65s ========================
